2022-08-09 20:30:12,868 [INFO] Activator:176 - 


2022-08-09 20:30:12,884 [INFO] Activator:177 - !SESSION log4j initialized
2022-08-09 20:32:01,437 [INFO] RetryExec:97 - I/O exception (org.apache.http.NoHttpResponseException) caught when processing request to {s}->https://download.eclipse.org:443: The target server failed to respond
2022-08-09 20:32:01,437 [INFO] RetryExec:113 - Retrying request to {s}->https://download.eclipse.org:443
2022-08-09 20:32:02,439 [INFO] RetryExec:97 - I/O exception (org.apache.http.NoHttpResponseException) caught when processing request to {s}->https://archive.eclipse.org:443: The target server failed to respond
2022-08-09 20:32:02,480 [INFO] RetryExec:113 - Retrying request to {s}->https://archive.eclipse.org:443
2022-08-09 20:32:03,471 [INFO] RetryExec:97 - I/O exception (org.apache.http.NoHttpResponseException) caught when processing request to {s}->https://download.eclipse.org:443: The target server failed to respond
2022-08-09 20:32:03,471 [INFO] RetryExec:113 - Retrying request to {s}->https://download.eclipse.org:443
2022-08-09 20:42:39,206 [INFO] Activator:176 - 


2022-08-09 20:42:39,221 [INFO] Activator:177 - !SESSION log4j initialized
2022-08-09 20:43:32,730 [INFO] RetryExec:97 - I/O exception (org.apache.http.NoHttpResponseException) caught when processing request to {s}->https://download.eclipse.org:443: The target server failed to respond
2022-08-09 20:43:32,746 [INFO] RetryExec:113 - Retrying request to {s}->https://download.eclipse.org:443
2022-08-09 20:43:33,648 [INFO] RetryExec:97 - I/O exception (org.apache.http.NoHttpResponseException) caught when processing request to {s}->https://archive.eclipse.org:443: The target server failed to respond
2022-08-09 20:43:33,648 [INFO] RetryExec:113 - Retrying request to {s}->https://archive.eclipse.org:443
2022-08-09 20:43:34,672 [INFO] RetryExec:97 - I/O exception (org.apache.http.NoHttpResponseException) caught when processing request to {s}->https://download.eclipse.org:443: The target server failed to respond
2022-08-09 20:43:34,672 [INFO] RetryExec:113 - Retrying request to {s}->https://download.eclipse.org:443
2022-08-16 11:08:03,905 [INFO] Activator:176 - 


2022-08-16 11:08:03,909 [INFO] Activator:177 - !SESSION log4j initialized
2022-08-16 11:09:15,893 [INFO] RetryExec:97 - I/O exception (org.apache.http.NoHttpResponseException) caught when processing request to {s}->https://download.eclipse.org:443: The target server failed to respond
2022-08-16 11:09:15,898 [INFO] RetryExec:113 - Retrying request to {s}->https://download.eclipse.org:443
2022-08-16 11:09:16,785 [INFO] RetryExec:97 - I/O exception (org.apache.http.NoHttpResponseException) caught when processing request to {s}->https://archive.eclipse.org:443: The target server failed to respond
2022-08-16 11:09:16,785 [INFO] RetryExec:113 - Retrying request to {s}->https://archive.eclipse.org:443
2022-08-16 11:09:17,654 [INFO] RetryExec:97 - I/O exception (org.apache.http.NoHttpResponseException) caught when processing request to {s}->https://download.eclipse.org:443: The target server failed to respond
2022-08-16 11:09:17,655 [INFO] RetryExec:113 - Retrying request to {s}->https://download.eclipse.org:443
2022-08-21 14:57:58,299 [ERROR] ApiDbMcu:1418 - Can't use Application install path:
2022-08-21 14:58:00,759 [WARN] RulesReader:54 - Compatibility file://mcu/compatibility.xml not found
2022-08-27 09:54:07,206 [INFO] Activator:176 - 


2022-08-27 09:54:07,211 [INFO] Activator:177 - !SESSION log4j initialized
2022-08-27 09:55:50,364 [INFO] RetryExec:97 - I/O exception (org.apache.http.NoHttpResponseException) caught when processing request to {s}->https://download.eclipse.org:443: The target server failed to respond
2022-08-27 09:55:50,370 [INFO] RetryExec:113 - Retrying request to {s}->https://download.eclipse.org:443
2022-08-27 09:55:51,228 [INFO] RetryExec:97 - I/O exception (org.apache.http.NoHttpResponseException) caught when processing request to {s}->https://archive.eclipse.org:443: The target server failed to respond
2022-08-27 09:55:51,229 [INFO] RetryExec:113 - Retrying request to {s}->https://archive.eclipse.org:443
2022-08-27 09:55:52,203 [INFO] RetryExec:97 - I/O exception (org.apache.http.NoHttpResponseException) caught when processing request to {s}->https://download.eclipse.org:443: The target server failed to respond
2022-08-27 09:55:52,205 [INFO] RetryExec:113 - Retrying request to {s}->https://download.eclipse.org:443
2022-08-30 14:16:09,729 [INFO] Activator:176 - 


2022-08-30 14:16:09,732 [INFO] Activator:177 - !SESSION log4j initialized
2022-08-30 14:17:34,469 [INFO] RetryExec:97 - I/O exception (org.apache.http.NoHttpResponseException) caught when processing request to {s}->https://download.eclipse.org:443: The target server failed to respond
2022-08-30 14:17:34,472 [INFO] RetryExec:113 - Retrying request to {s}->https://download.eclipse.org:443
2022-08-30 14:17:35,357 [INFO] RetryExec:97 - I/O exception (org.apache.http.NoHttpResponseException) caught when processing request to {s}->https://archive.eclipse.org:443: The target server failed to respond
2022-08-30 14:17:35,358 [INFO] RetryExec:113 - Retrying request to {s}->https://archive.eclipse.org:443
2022-08-30 14:17:36,253 [INFO] RetryExec:97 - I/O exception (org.apache.http.NoHttpResponseException) caught when processing request to {s}->https://download.eclipse.org:443: The target server failed to respond
2022-08-30 14:17:36,254 [INFO] RetryExec:113 - Retrying request to {s}->https://download.eclipse.org:443
2022-08-30 14:24:31,756 [INFO] Activator:176 - 


2022-08-30 14:24:31,759 [INFO] Activator:177 - !SESSION log4j initialized
2022-08-30 14:25:12,668 [INFO] RetryExec:97 - I/O exception (java.net.SocketException) caught when processing request to {s}->https://download.eclipse.org:443: Connection reset
2022-08-30 14:25:12,671 [INFO] RetryExec:113 - Retrying request to {s}->https://download.eclipse.org:443
2022-08-30 14:25:13,390 [INFO] RetryExec:97 - I/O exception (org.apache.http.NoHttpResponseException) caught when processing request to {s}->https://archive.eclipse.org:443: The target server failed to respond
2022-08-30 14:25:13,391 [INFO] RetryExec:113 - Retrying request to {s}->https://archive.eclipse.org:443
2022-09-07 20:08:27,887 [INFO] Activator:176 - 


2022-09-07 20:08:27,890 [INFO] Activator:177 - !SESSION log4j initialized
2022-09-07 20:09:45,212 [INFO] RetryExec:97 - I/O exception (org.apache.http.NoHttpResponseException) caught when processing request to {s}->https://download.eclipse.org:443: The target server failed to respond
2022-09-07 20:09:45,212 [INFO] RetryExec:113 - Retrying request to {s}->https://download.eclipse.org:443
2022-09-07 20:09:46,011 [INFO] RetryExec:97 - I/O exception (org.apache.http.NoHttpResponseException) caught when processing request to {s}->https://archive.eclipse.org:443: The target server failed to respond
2022-09-07 20:09:46,011 [INFO] RetryExec:113 - Retrying request to {s}->https://archive.eclipse.org:443
2022-09-07 20:09:46,957 [INFO] RetryExec:97 - I/O exception (org.apache.http.NoHttpResponseException) caught when processing request to {s}->https://download.eclipse.org:443: The target server failed to respond
2022-09-07 20:09:46,958 [INFO] RetryExec:113 - Retrying request to {s}->https://download.eclipse.org:443
